#
# A fatal error has been detected by the Java Runtime Environment:
#
#  SIGSEGV (0xb) at pc=0x000000010f36a912, pid=3731, tid=0x0000000000000307
#
# JRE version: Java(TM) SE Runtime Environment (8.0_192-b12) (build 1.8.0_192-b12)
# Java VM: Java HotSpot(TM) 64-Bit Server VM (25.192-b12 mixed mode bsd-amd64 compressed oops)
# Problematic frame:
# V  [libjvm.dylib+0x16a912]  ThreadStateTransition::trans_from_native(JavaThreadState)+0xa
#
# Failed to write core dump. Core dumps have been disabled. To enable core dumping, try "ulimit -c unlimited" before starting Java again
#
# If you would like to submit a bug report, please visit:
#   http://bugreport.java.com/bugreport/crash.jsp
#

---------------  T H R E A D  ---------------

Current thread is native thread

siginfo: si_signo: 11 (SIGSEGV), si_code: 1 (SEGV_MAPERR), si_addr: 0x0000000000000270

Registers:
RAX=0x0000000000000000, RBX=0x0000000000000000, RCX=0x00007ffee2372490, RDX=0x00007f9bfaf288c0
RSP=0x00007ffee2372300, RBP=0x00007ffee2372310, RSI=0x0000000000000006, RDI=0x00007ffee23723a0
R8 =0x0000000000000000, R9 =0x0000000000000040, R10=0x0000000136af7490, R11=0x00007f9bf9717230
R12=0x00007f9bfc0be9f8, R13=0x0000000000000000, R14=0x00007f9bfaf288c0, R15=0x00007f9bfaf036e8
RIP=0x000000010f36a912, EFLAGS=0x0000000000010246, ERR=0x0000000000000006
  TRAPNO=0x000000000000000e

Top of Stack: (sp=0x00007ffee2372300)
0x00007ffee2372300:   00007ffee2372490 00007f9bfaf288c0
0x00007ffee2372310:   00007ffee23723d0 000000010f51ffca
0x00007ffee2372320:   00007f9bfa8135d0 00007f9bfa8fc080
0x00007ffee2372330:   00007f9b00100000 0000000000000370
0x00007ffee2372340:   0000000000000037 00007f9bfa8135d0
0x00007ffee2372350:   0000000000000de6 000000010d8a6080
0x00007ffee2372360:   00007ffee23723f0 00007fff5ac1975a
0x00007ffee2372370:   000000010d8a9e00 0000000000000002
0x00007ffee2372380:   000000000d8a9e00 00007ffee2372400
0x00007ffee2372390:   0000000000000011 00007ffee2372400
0x00007ffee23723a0:   0000000000000000 00007f9bfc0be9f8
0x00007ffee23723b0:   0000000000000020 00007f9bfaf29758
0x00007ffee23723c0:   0000000136abaa80 0000000136a7c288
0x00007ffee23723d0:   00007ffee23724c0 00007fff36862089
0x00007ffee23723e0:   00007ffee2372520 00007fff32b159ab
0x00007ffee23723f0:   0000000000000000 0000000000000000
0x00007ffee2372400:   0000000000000000 0000000000000040
0x00007ffee2372410:   000000000d8a9e00 0000000000000002
0x00007ffee2372420:   000000010d8a9e00 0000000000000005
0x00007ffee2372430:   000000010d8a6080 00007f9bfa800000
0x00007ffee2372440:   00007ffee2372508 0000000000000005
0x00007ffee2372450:   00007f9bfa8217c0 00007ffee2372508
0x00007ffee2372460:   00007ffee2372470 00007fff32af5da2
0x00007ffee2372470:   00007ffee23724f0 00007fff32ae242a
0x00007ffee2372480:   0000000000000005 00007f9bfa821660
0x00007ffee2372490:   0000003000000010 00007ffee23724d0
0x00007ffee23724a0:   00007ffee23723e0 cb3b1873c6f40010
0x00007ffee23724b0:   0000000000000000 0000000000000000
0x00007ffee23724c0:   00007ffee23724e0 0000000136a7c225
0x00007ffee23724d0:   0000000000000020 00007f9bfaf29750
0x00007ffee23724e0:   00007ffee23724f0 00007fff32b452f7
0x00007ffee23724f0:   00007ffee23725b0 00007fff32b4521f 

Instructions: (pc=0x000000010f36a912)
0x000000010f36a8f2:   0e 48 8b 0b 49 8b 56 18 48 63 c0 48 89 0c c2 5b
0x000000010f36a902:   41 5e 5d c3 90 90 55 48 89 e5 41 56 53 48 8b 1f
0x000000010f36a912:   c7 83 70 02 00 00 05 00 00 00 48 8d 05 a5 fa 78
0x000000010f36a922:   00 8b 00 83 f8 01 41 89 f6 75 0c 48 8d 0d e2 65 

Register to memory mapping:

RAX=0x0000000000000000 is an unknown value
RBX=0x0000000000000000 is an unknown value
RCX=0x00007ffee2372490 is an unknown value
RDX=0x00007f9bfaf288c0 is an unknown value
RSP=0x00007ffee2372300 is an unknown value
RBP=0x00007ffee2372310 is an unknown value
RSI=0x0000000000000006 is an unknown value
RDI=0x00007ffee23723a0 is an unknown value
R8 =0x0000000000000000 is an unknown value
R9 =0x0000000000000040 is an unknown value
R10=0x0000000136af7490: OBJC_METACLASS_$_ThreadUtilities+0 in /Library/Java/JavaVirtualMachines/jdk1.8.0_192.jdk/Contents/Home/jre/lib/./libosxapp.dylib at 0x0000000136aef000
R11=0x00007f9bf9717230 is an unknown value
R12=0x00007f9bfc0be9f8 is an unknown value
R13=0x0000000000000000 is an unknown value
R14=0x00007f9bfaf288c0 is an unknown value
R15=0x00007f9bfaf036e8 is a global jni handle


Stack: [0x00007ffee1b77000,0x00007ffee2377000],  sp=0x00007ffee2372300,  free space=8172k
Native frames: (J=compiled Java code, j=interpreted, Vv=VM code, C=native code)
V  [libjvm.dylib+0x16a912]  ThreadStateTransition::trans_from_native(JavaThreadState)+0xa
V  [libjvm.dylib+0x31ffca]  jni_CallStaticVoidMethodV+0x3d
C  [JavaNativeFoundation+0x4089]  JNFCallStaticVoidMethod+0xb0
C  [libawt_lwawt.dylib+0x47225]  setBusy+0x79
C  [CoreFoundation+0xa32f7]  __CFRUNLOOP_IS_CALLING_OUT_TO_AN_OBSERVER_CALLBACK_FUNCTION__+0x17
C  [CoreFoundation+0xa321f]  __CFRunLoopDoObservers+0x20f
C  [CoreFoundation+0x85900]  __CFRunLoopRun+0x640
C  [CoreFoundation+0x85033]  CFRunLoopRunSpecific+0x1e3
C  [HIToolbox+0x2fd96]  RunCurrentEventLoopInMode+0x11e
C  [HIToolbox+0x2fb06]  ReceiveNextEventCommon+0x265
C  [HIToolbox+0x2f884]  _BlockUntilNextEventMatchingListInModeWithFilter+0x40
C  [AppKit+0x41a73]  _DPSNextEvent+0x825
C  [AppKit+0x7d7e34]  -[NSApplication(NSEvent) _nextEventMatchingEventMask:untilDate:inMode:dequeue:]+0xbe4
C  [libosxapp.dylib+0x2328]  -[NSApplicationAWT nextEventMatchingMask:untilDate:inMode:dequeue:]+0x7c
C  [AppKit+0x36885]  -[NSApplication run]+0x2fc
C  [libosxapp.dylib+0x1f72]  +[NSApplicationAWT runAWTLoopWithApp:]+0x9c
C  [libawt_lwawt.dylib+0x4711f]  -[AWTStarter starter:]+0x389
C  [Foundation+0x680b5]  __NSThreadPerformPerform+0x14e
C  [CoreFoundation+0xa38f1]  __CFRUNLOOP_IS_CALLING_OUT_TO_A_SOURCE0_PERFORM_FUNCTION__+0x11
C  [CoreFoundation+0x15d30c]  __CFRunLoopDoSource0+0x6c
C  [CoreFoundation+0x86350]  __CFRunLoopDoSources0+0xd0
C  [CoreFoundation+0x857cd]  __CFRunLoopRun+0x50d
C  [CoreFoundation+0x85033]  CFRunLoopRunSpecific+0x1e3
C  [java+0x646e]  CreateExecutionEnvironment+0x367
C  [java+0x203c]  JLI_Launch+0x7a0
C  [java+0x84cb]  main+0x65
C  [java+0x1894]  start+0x34


---------------  P R O C E S S  ---------------

VM state:not at safepoint (normal execution)

VM Mutex/Monitor currently owned by a thread: None

heap address: 0x00000005c0000000, size: 8192 MB, Compressed Oops mode: Zero based, Oop shift amount: 3
Narrow klass base: 0x0000000000000000, Narrow klass shift: 3
Compressed class space size: 1073741824 Address: 0x00000007c0000000

Heap:
 PSYoungGen      total 153088K, used 36853K [0x0000000715580000, 0x0000000720000000, 0x00000007c0000000)
  eden space 131584K, 28% used [0x0000000715580000,0x000000071797d480,0x000000071d600000)
  from space 21504K, 0% used [0x000000071eb00000,0x000000071eb00000,0x0000000720000000)
  to   space 21504K, 0% used [0x000000071d600000,0x000000071d600000,0x000000071eb00000)
 ParOldGen       total 349696K, used 0K [0x00000005c0000000, 0x00000005d5580000, 0x0000000715580000)
  object space 349696K, 0% used [0x00000005c0000000,0x00000005c0000000,0x00000005d5580000)
 Metaspace       used 16917K, capacity 17254K, committed 17408K, reserved 1064960K
  class space    used 2097K, capacity 2194K, committed 2304K, reserved 1048576K

Card table byte_map: [0x000000011f7ee000,0x00000001207ef000] byte_map_base: 0x000000011c9ee000

Marking Bits: (ParMarkBitMap*) 0x000000010fafae40
 Begin Bits: [0x000000012129a000, 0x000000012929a000)
 End Bits:   [0x000000012929a000, 0x000000013129a000)

Polling page: 0x000000010d94c000

CodeCache: size=245760Kb used=4041Kb max_used=4041Kb free=241718Kb
 bounds [0x00000001107ee000, 0x0000000110bee000, 0x000000011f7ee000]
 total_blobs=1893 nmethods=1296 adapters=510
 compilation: enabled

Compilation events (10 events):
Event: 5.477 Thread 0x00007f9bfb00c000 1291       3       java.awt.EventQueue::eventToCacheIndex (80 bytes)
Event: 5.477 Thread 0x00007f9bfb00c000 nmethod 1291 0x0000000110be0350 code [0x0000000110be04e0, 0x0000000110be09b0]
Event: 5.496 Thread 0x00007f9bfb00c000 1293       3       java.awt.Component::getCursor_NoClientCode (30 bytes)
Event: 5.497 Thread 0x00007f9bfb00c000 nmethod 1293 0x0000000110be0a50 code [0x0000000110be0c00, 0x0000000110be1088]
Event: 5.509 Thread 0x00007f9bfb00c000 1294       1       sun.lwawt.LWComponentPeer::getTarget (5 bytes)
Event: 5.509 Thread 0x00007f9bfb00c000 nmethod 1294 0x0000000110be1210 code [0x0000000110be1360, 0x0000000110be1470]
Event: 5.548 Thread 0x00007f9bfb00c000 1295       3       java.awt.Container::getChildAt (54 bytes)
Event: 5.548 Thread 0x00007f9bfb00c000 nmethod 1295 0x0000000110be14d0 code [0x0000000110be1680, 0x0000000110be1c78]
Event: 5.555 Thread 0x00007f9bfb00c000 1296       1       java.awt.event.InputEvent::isConsumed (5 bytes)
Event: 5.555 Thread 0x00007f9bfb00c000 nmethod 1296 0x0000000110be1dd0 code [0x0000000110be1f20, 0x0000000110be2030]

GC Heap History (0 events):
No events

Deoptimization events (8 events):
Event: 3.874 Thread 0x00007f9bfc001800 Uncommon trap: reason=unstable_if action=reinterpret pc=0x00000001109a6970 method=java.lang.String.replace(CC)Ljava/lang/String; @ 2
Event: 4.019 Thread 0x00007f9bfc001800 Uncommon trap: reason=unstable_if action=reinterpret pc=0x0000000110a25c88 method=java.lang.AbstractStringBuilder.append(Ljava/lang/String;)Ljava/lang/AbstractStringBuilder; @ 1
Event: 4.026 Thread 0x00007f9bfc001800 Uncommon trap: reason=unstable_if action=reinterpret pc=0x0000000110a4c594 method=java.util.HashMap.hash(Ljava/lang/Object;)I @ 1
Event: 4.238 Thread 0x00007f9bfc001800 Uncommon trap: reason=unstable_if action=reinterpret pc=0x00000001109f2af4 method=java.lang.CharacterData.of(I)Ljava/lang/CharacterData; @ 4
Event: 4.474 Thread 0x00007f9bfc001800 Uncommon trap: reason=bimorphic action=maybe_recompile pc=0x0000000110a9a064 method=java.util.HashMap.putVal(ILjava/lang/Object;Ljava/lang/Object;ZZ)Ljava/lang/Object; @ 91
Event: 4.474 Thread 0x00007f9bfc001800 Uncommon trap: reason=bimorphic action=maybe_recompile pc=0x0000000110a9a064 method=java.util.HashMap.putVal(ILjava/lang/Object;Ljava/lang/Object;ZZ)Ljava/lang/Object; @ 91
Event: 4.474 Thread 0x00007f9bfc001800 Uncommon trap: reason=bimorphic action=maybe_recompile pc=0x0000000110a9a064 method=java.util.HashMap.putVal(ILjava/lang/Object;Ljava/lang/Object;ZZ)Ljava/lang/Object; @ 91
Event: 4.474 Thread 0x00007f9bfc001800 Uncommon trap: reason=bimorphic action=maybe_recompile pc=0x0000000110a9a064 method=java.util.HashMap.putVal(ILjava/lang/Object;Ljava/lang/Object;ZZ)Ljava/lang/Object; @ 91

Classes redefined (0 events):
No events

Internal exceptions (10 events):
Event: 0.090 Thread 0x00007f9bfc001800 Exception <a 'java/security/PrivilegedActionException'> (0x0000000715649490) thrown at [/Users/java_re/workspace/8-2-build-macosx-x86_64/jdk8u192/11897/hotspot/src/share/vm/prims/jvm.cpp, line 1435]
Event: 0.136 Thread 0x00007f9bfc001800 Exception <a 'java/lang/UnsatisfiedLinkError': dlopen(libOSXNotification.dylib, 9): image not found> (0x000000071576ffc8) thrown at [/Users/java_re/workspace/8-2-build-macosx-x86_64/jdk8u192/11897/hotspot/src/share/vm/prims/jni.cpp, line 735]
Event: 0.136 Thread 0x00007f9bfc001800 Exception <a 'java/lang/UnsatisfiedLinkError': dlopen(libOSXNotification.dylib, 9): image not found> (0x0000000715772f18) thrown at [/Users/java_re/workspace/8-2-build-macosx-x86_64/jdk8u192/11897/hotspot/src/share/vm/prims/jni.cpp, line 735]
Event: 2.230 Thread 0x00007f9bfc001800 Exception <a 'java/lang/NoSuchFieldError': method resolution failed> (0x0000000715bb5a08) thrown at [/Users/java_re/workspace/8-2-build-macosx-x86_64/jdk8u192/11897/hotspot/src/share/vm/prims/methodHandles.cpp, line 1167]
Event: 2.231 Thread 0x00007f9bfc001800 Exception <a 'java/lang/NoSuchFieldError': method resolution failed> (0x0000000715bc3188) thrown at [/Users/java_re/workspace/8-2-build-macosx-x86_64/jdk8u192/11897/hotspot/src/share/vm/prims/methodHandles.cpp, line 1167]
Event: 2.468 Thread 0x00007f9bfc001800 Exception <a 'java/io/FileNotFoundException'> (0x0000000715c41430) thrown at [/Users/java_re/workspace/8-2-build-macosx-x86_64/jdk8u192/11897/hotspot/src/share/vm/prims/jni.cpp, line 709]
Event: 2.468 Thread 0x00007f9bfc001800 Exception <a 'java/io/FileNotFoundException'> (0x0000000715c41f98) thrown at [/Users/java_re/workspace/8-2-build-macosx-x86_64/jdk8u192/11897/hotspot/src/share/vm/prims/jni.cpp, line 709]
Event: 4.019 Thread 0x00007f9bfc001800 Implicit null exception at 0x0000000110a25874 to 0x0000000110a25c71
Event: 4.026 Thread 0x00007f9bfc001800 Implicit null exception at 0x0000000110a4c375 to 0x0000000110a4c585
Event: 4.038 Thread 0x00007f9bf9ac4800 Exception <a 'java/lang/InterruptedException': sleep interrupted> (0x0000000716a2a828) thrown at [/Users/java_re/workspace/8-2-build-macosx-x86_64/jdk8u192/11897/hotspot/src/share/vm/prims/jvm.cpp, line 3225]

Events (10 events):
Event: 5.208 Executing VM operation: RevokeBias done
Event: 5.208 loading class java/awt/AWTEvent$2
Event: 5.208 loading class java/awt/AWTEvent$2 done
Event: 5.208 loading class sun/reflect/UnsafeBooleanFieldAccessorImpl
Event: 5.208 loading class sun/reflect/UnsafeBooleanFieldAccessorImpl done
Event: 5.208 loading class sun/lwawt/macosx/CCustomCursor
Event: 5.209 loading class sun/lwawt/macosx/CCustomCursor done
Event: 5.555 loading class java/awt/LightweightDispatcher$2
Event: 5.555 loading class java/awt/LightweightDispatcher$2 done
Event: 6.068 Thread 0x00007f9bfc0be800 Thread exited: 0x00007f9bfc0be800


Dynamic libraries:
0x00007fff322ef000 	/System/Library/Frameworks/Cocoa.framework/Versions/A/Cocoa
0x00007fff3e90a000 	/System/Library/Frameworks/Security.framework/Versions/A/Security
0x00007fff30f30000 	/System/Library/Frameworks/ApplicationServices.framework/Versions/A/ApplicationServices
0x00007fff5a841000 	/usr/lib/libz.1.dylib
0x00007fff58772000 	/usr/lib/libSystem.B.dylib
0x00007fff59e2b000 	/usr/lib/libobjc.A.dylib
0x00007fff32aa2000 	/System/Library/Frameworks/CoreFoundation.framework/Versions/A/CoreFoundation
0x00007fff34c04000 	/System/Library/Frameworks/Foundation.framework/Versions/C/Foundation
0x00007fff30080000 	/System/Library/Frameworks/AppKit.framework/Versions/C/AppKit
0x00007fff32667000 	/System/Library/Frameworks/CoreData.framework/Versions/A/CoreData
0x00007fff5202b000 	/System/Library/PrivateFrameworks/RemoteViewServices.framework/Versions/A/RemoteViewServices
0x00007fff567a4000 	/System/Library/PrivateFrameworks/UIFoundation.framework/Versions/A/UIFoundation
0x00007fff46e1f000 	/System/Library/PrivateFrameworks/DFRFoundation.framework/Versions/A/DFRFoundation
0x00007fff37270000 	/System/Library/Frameworks/Metal.framework/Versions/A/Metal
0x00007fff46fbc000 	/System/Library/PrivateFrameworks/DesktopServicesPriv.framework/Versions/A/DesktopServicesPriv
0x00007fff59378000 	/usr/lib/libenergytrace.dylib
0x00007fff54810000 	/System/Library/PrivateFrameworks/SkyLight.framework/Versions/A/SkyLight
0x00007fff32f45000 	/System/Library/Frameworks/CoreGraphics.framework/Versions/A/CoreGraphics
0x00007fff5876d000 	/usr/lib/libScreenReader.dylib
0x00007fff2f01a000 	/System/Library/Frameworks/Accelerate.framework/Versions/A/Accelerate
0x00007fff3537e000 	/System/Library/Frameworks/IOSurface.framework/Versions/A/IOSurface
0x00007fff3147a000 	/System/Library/Frameworks/AudioToolbox.framework/Versions/A/AudioToolbox
0x00007fff3170a000 	/System/Library/Frameworks/AudioUnit.framework/Versions/A/AudioUnit
0x00007fff46eb7000 	/System/Library/PrivateFrameworks/DataDetectorsCore.framework/Versions/A/DataDetectorsCore
0x00007fff31de2000 	/System/Library/Frameworks/Carbon.framework/Versions/A/Frameworks/HIToolbox.framework/Versions/A/HIToolbox
0x00007fff594d2000 	/usr/lib/libicucore.A.dylib
0x00007fff3de88000 	/System/Library/Frameworks/QuartzCore.framework/Versions/A/QuartzCore
0x00007fff53ab2000 	/System/Library/PrivateFrameworks/SignpostNotification.framework/Versions/A/SignpostNotification
0x00007fff321c8000 	/System/Library/Frameworks/Carbon.framework/Versions/A/Frameworks/SpeechRecognition.framework/Versions/A/SpeechRecognition
0x00007fff588ce000 	/usr/lib/libauto.dylib
0x00007fff5a730000 	/usr/lib/libxml2.2.dylib
0x00007fff46a6f000 	/System/Library/PrivateFrameworks/CoreUI.framework/Versions/A/CoreUI
0x00007fff32543000 	/System/Library/Frameworks/CoreAudio.framework/Versions/A/CoreAudio
0x00007fff34a3e000 	/System/Library/Frameworks/DiskArbitration.framework/Versions/A/DiskArbitration
0x00007fff59746000 	/usr/lib/liblangid.dylib
0x00007fff4e52a000 	/System/Library/PrivateFrameworks/MultitouchSupport.framework/Versions/A/MultitouchSupport
0x00007fff352e1000 	/System/Library/Frameworks/IOKit.framework/Versions/A/IOKit
0x00007fff583fc000 	/usr/lib/libDiagnosticMessagesClient.dylib
0x00007fff33c1b000 	/System/Library/Frameworks/CoreServices.framework/Versions/A/CoreServices
0x00007fff50063000 	/System/Library/PrivateFrameworks/PerformanceAnalysis.framework/Versions/A/PerformanceAnalysis
0x00007fff3d02a000 	/System/Library/Frameworks/OpenGL.framework/Versions/A/OpenGL
0x00007fff322fd000 	/System/Library/Frameworks/ColorSync.framework/Versions/A/ColorSync
0x00007fff33557000 	/System/Library/Frameworks/CoreImage.framework/Versions/A/CoreImage
0x00007fff345ac000 	/System/Library/Frameworks/CoreText.framework/Versions/A/CoreText
0x00007fff353dc000 	/System/Library/Frameworks/ImageIO.framework/Versions/A/ImageIO
0x00007fff4371b000 	/System/Library/PrivateFrameworks/Backup.framework/Versions/A/Backup
0x00007fff5881e000 	/usr/lib/libarchive.2.dylib
0x00007fff31a2d000 	/System/Library/Frameworks/CFNetwork.framework/Versions/A/CFNetwork
0x00007fff3f09d000 	/System/Library/Frameworks/SystemConfiguration.framework/Versions/A/SystemConfiguration
0x00007fff58325000 	/usr/lib/libCRFSuite.dylib
0x00007fff589a7000 	/usr/lib/libc++.1.dylib
0x00007fff589fe000 	/usr/lib/libc++abi.dylib
0x00007fff5a8ef000 	/usr/lib/system/libcache.dylib
0x00007fff5a8f4000 	/usr/lib/system/libcommonCrypto.dylib
0x00007fff5a8ff000 	/usr/lib/system/libcompiler_rt.dylib
0x00007fff5a907000 	/usr/lib/system/libcopyfile.dylib
0x00007fff5a911000 	/usr/lib/system/libcorecrypto.dylib
0x00007fff5aa1e000 	/usr/lib/system/libdispatch.dylib
0x00007fff5aa58000 	/usr/lib/system/libdyld.dylib
0x00007fff5aa76000 	/usr/lib/system/libkeymgr.dylib
0x00007fff5aa84000 	/usr/lib/system/liblaunch.dylib
0x00007fff5aa85000 	/usr/lib/system/libmacho.dylib
0x00007fff5aa8a000 	/usr/lib/system/libquarantine.dylib
0x00007fff5aa8d000 	/usr/lib/system/libremovefile.dylib
0x00007fff5aa8f000 	/usr/lib/system/libsystem_asl.dylib
0x00007fff5aaa7000 	/usr/lib/system/libsystem_blocks.dylib
0x00007fff5aaa8000 	/usr/lib/system/libsystem_c.dylib
0x00007fff5ab32000 	/usr/lib/system/libsystem_configuration.dylib
0x00007fff5ab36000 	/usr/lib/system/libsystem_coreservices.dylib
0x00007fff5ab3a000 	/usr/lib/system/libsystem_darwin.dylib
0x00007fff5ab3c000 	/usr/lib/system/libsystem_dnssd.dylib
0x00007fff5ab43000 	/usr/lib/system/libsystem_info.dylib
0x00007fff5abb4000 	/usr/lib/system/libsystem_m.dylib
0x00007fff5ac00000 	/usr/lib/system/libsystem_malloc.dylib
0x00007fff5ac20000 	/usr/lib/system/libsystem_network.dylib
0x00007fff5ad51000 	/usr/lib/system/libsystem_networkextension.dylib
0x00007fff5ad5c000 	/usr/lib/system/libsystem_notify.dylib
0x00007fff5ad7a000 	/usr/lib/system/libsystem_sandbox.dylib
0x00007fff5ad7e000 	/usr/lib/system/libsystem_secinit.dylib
0x00007fff5ab8d000 	/usr/lib/system/libsystem_kernel.dylib
0x00007fff5ad66000 	/usr/lib/system/libsystem_platform.dylib
0x00007fff5ad6e000 	/usr/lib/system/libsystem_pthread.dylib
0x00007fff5ad80000 	/usr/lib/system/libsystem_symptoms.dylib
0x00007fff5ad88000 	/usr/lib/system/libsystem_trace.dylib
0x00007fff5ad9d000 	/usr/lib/system/libunwind.dylib
0x00007fff5ada3000 	/usr/lib/system/libxpc.dylib
0x00007fff58238000 	/usr/lib/closure/libclosured.dylib
0x00007fff58988000 	/usr/lib/libbsm.0.dylib
0x00007fff5aa77000 	/usr/lib/system/libkxld.dylib
0x00007fff58636000 	/usr/lib/libOpenScriptingUtil.dylib
0x00007fff58cf7000 	/usr/lib/libcoretls.dylib
0x00007fff58d10000 	/usr/lib/libcoretls_cfhelpers.dylib
0x00007fff5a22c000 	/usr/lib/libpam.2.dylib
0x00007fff5a353000 	/usr/lib/libsqlite3.dylib
0x00007fff5a71f000 	/usr/lib/libxar.1.dylib
0x00007fff58999000 	/usr/lib/libbz2.1.0.dylib
0x00007fff59748000 	/usr/lib/liblzma.5.dylib
0x00007fff59c29000 	/usr/lib/libnetwork.dylib
0x00007fff58807000 	/usr/lib/libapple_nghttp2.dylib
0x00007fff5a233000 	/usr/lib/libpcap.A.dylib
0x00007fff588cf000 	/usr/lib/libboringssl.dylib
0x00007fff5a6ba000 	/usr/lib/libusrtcp.dylib
0x00007fff58806000 	/usr/lib/libapple_crypto.dylib
0x00007fff33f9e000 	/System/Library/Frameworks/CoreServices.framework/Versions/A/Frameworks/FSEvents.framework/Versions/A/FSEvents
0x00007fff33c91000 	/System/Library/Frameworks/CoreServices.framework/Versions/A/Frameworks/CarbonCore.framework/Versions/A/CarbonCore
0x00007fff34166000 	/System/Library/Frameworks/CoreServices.framework/Versions/A/Frameworks/Metadata.framework/Versions/A/Metadata
0x00007fff34217000 	/System/Library/Frameworks/CoreServices.framework/Versions/A/Frameworks/OSServices.framework/Versions/A/OSServices
0x00007fff34278000 	/System/Library/Frameworks/CoreServices.framework/Versions/A/Frameworks/SearchKit.framework/Versions/A/SearchKit
0x00007fff33c1c000 	/System/Library/Frameworks/CoreServices.framework/Versions/A/Frameworks/AE.framework/Versions/A/AE
0x00007fff33fa7000 	/System/Library/Frameworks/CoreServices.framework/Versions/A/Frameworks/LaunchServices.framework/Versions/A/LaunchServices
0x00007fff33f69000 	/System/Library/Frameworks/CoreServices.framework/Versions/A/Frameworks/DictionaryServices.framework/Versions/A/DictionaryServices
0x00007fff342e7000 	/System/Library/Frameworks/CoreServices.framework/Versions/A/Frameworks/SharedFileList.framework/Versions/A/SharedFileList
0x00007fff384a6000 	/System/Library/Frameworks/NetFS.framework/Versions/A/NetFS
0x00007fff4e7bb000 	/System/Library/PrivateFrameworks/NetAuth.framework/Versions/A/NetAuth
0x00007fff580cf000 	/System/Library/PrivateFrameworks/login.framework/Versions/A/Frameworks/loginsupport.framework/Versions/A/loginsupport
0x00007fff56421000 	/System/Library/PrivateFrameworks/TCC.framework/Versions/A/TCC
0x00007fff59829000 	/usr/lib/libmecabra.dylib
0x00007fff30f31000 	/System/Library/Frameworks/ApplicationServices.framework/Versions/A/Frameworks/ATS.framework/Versions/A/ATS
0x00007fff312df000 	/System/Library/Frameworks/ApplicationServices.framework/Versions/A/Frameworks/ColorSyncLegacy.framework/Versions/A/ColorSyncLegacy
0x00007fff31383000 	/System/Library/Frameworks/ApplicationServices.framework/Versions/A/Frameworks/HIServices.framework/Versions/A/HIServices
0x00007fff313d6000 	/System/Library/Frameworks/ApplicationServices.framework/Versions/A/Frameworks/LangAnalysis.framework/Versions/A/LangAnalysis
0x00007fff313e5000 	/System/Library/Frameworks/ApplicationServices.framework/Versions/A/Frameworks/PrintCore.framework/Versions/A/PrintCore
0x00007fff31432000 	/System/Library/Frameworks/ApplicationServices.framework/Versions/A/Frameworks/QD.framework/Versions/A/QD
0x00007fff3146d000 	/System/Library/Frameworks/ApplicationServices.framework/Versions/A/Frameworks/SpeechSynthesis.framework/Versions/A/SpeechSynthesis
0x00007fff329be000 	/System/Library/Frameworks/CoreDisplay.framework/Versions/A/CoreDisplay
0x00007fff2f032000 	/System/Library/Frameworks/Accelerate.framework/Versions/A/Frameworks/vImage.framework/Versions/A/vImage
0x00007fff2fd8c000 	/System/Library/Frameworks/Accelerate.framework/Versions/A/Frameworks/vecLib.framework/Versions/A/vecLib
0x00007fff2fb2c000 	/System/Library/Frameworks/Accelerate.framework/Versions/A/Frameworks/vecLib.framework/Versions/A/libvDSP.dylib
0x00007fff2f68c000 	/System/Library/Frameworks/Accelerate.framework/Versions/A/Frameworks/vecLib.framework/Versions/A/libBNNS.dylib
0x00007fff2fa91000 	/System/Library/Frameworks/Accelerate.framework/Versions/A/Frameworks/vecLib.framework/Versions/A/libQuadrature.dylib
0x00007fff2fcda000 	/System/Library/Frameworks/Accelerate.framework/Versions/A/Frameworks/vecLib.framework/Versions/A/libvMisc.dylib
0x00007fff2f6bb000 	/System/Library/Frameworks/Accelerate.framework/Versions/A/Frameworks/vecLib.framework/Versions/A/libLAPACK.dylib
0x00007fff2f531000 	/System/Library/Frameworks/Accelerate.framework/Versions/A/Frameworks/vecLib.framework/Versions/A/libBLAS.dylib
0x00007fff2fa7b000 	/System/Library/Frameworks/Accelerate.framework/Versions/A/Frameworks/vecLib.framework/Versions/A/libLinearAlgebra.dylib
0x00007fff2fa97000 	/System/Library/Frameworks/Accelerate.framework/Versions/A/Frameworks/vecLib.framework/Versions/A/libSparse.dylib
0x00007fff2fb18000 	/System/Library/Frameworks/Accelerate.framework/Versions/A/Frameworks/vecLib.framework/Versions/A/libSparseBLAS.dylib
0x00007fff4b5fb000 	/System/Library/PrivateFrameworks/GPUWrangler.framework/Versions/A/GPUWrangler
0x00007fff4cd8c000 	/System/Library/PrivateFrameworks/IOAccelerator.framework/Versions/A/IOAccelerator
0x00007fff4cd97000 	/System/Library/PrivateFrameworks/IOPresentment.framework/Versions/A/IOPresentment
0x00007fff46e31000 	/System/Library/PrivateFrameworks/DSExternalDisplay.framework/Versions/A/DSExternalDisplay
0x00007fff3c4a9000 	/System/Library/Frameworks/OpenGL.framework/Versions/A/Libraries/libCoreFSCache.dylib
0x00007fff346fd000 	/System/Library/Frameworks/CoreVideo.framework/Versions/A/CoreVideo
0x00007fff4c376000 	/System/Library/PrivateFrameworks/GraphVisualizer.framework/Versions/A/GraphVisualizer
0x00007fff374a7000 	/System/Library/Frameworks/MetalPerformanceShaders.framework/Versions/A/MetalPerformanceShaders
0x00007fff58434000 	/usr/lib/libFosl_dynamic.dylib
0x00007fff47f05000 	/System/Library/PrivateFrameworks/FaceCore.framework/Versions/A/FaceCore
0x00007fff3b2a4000 	/System/Library/Frameworks/OpenCL.framework/Versions/A/OpenCL
0x00007fff58a35000 	/usr/lib/libcompression.dylib
0x00007fff31030000 	/System/Library/Frameworks/ApplicationServices.framework/Versions/A/Frameworks/ATS.framework/Versions/A/Resources/libFontParser.dylib
0x00007fff31153000 	/System/Library/Frameworks/ApplicationServices.framework/Versions/A/Frameworks/ATS.framework/Versions/A/Resources/libFontRegistry.dylib
0x00007fff35644000 	/System/Library/Frameworks/ImageIO.framework/Versions/A/Resources/libJPEG.dylib
0x00007fff3596d000 	/System/Library/Frameworks/ImageIO.framework/Versions/A/Resources/libTIFF.dylib
0x00007fff35943000 	/System/Library/Frameworks/ImageIO.framework/Versions/A/Resources/libPng.dylib
0x00007fff35557000 	/System/Library/Frameworks/ImageIO.framework/Versions/A/Resources/libGIF.dylib
0x00007fff3555c000 	/System/Library/Frameworks/ImageIO.framework/Versions/A/Resources/libJP2.dylib
0x00007fff3596a000 	/System/Library/Frameworks/ImageIO.framework/Versions/A/Resources/libRadiance.dylib
0x00007fff42e45000 	/System/Library/PrivateFrameworks/AppleJPEG.framework/Versions/A/AppleJPEG
0x00007fff3730e000 	/System/Library/Frameworks/MetalPerformanceShaders.framework/Frameworks/MPSCore.framework/Versions/A/MPSCore
0x00007fff3732a000 	/System/Library/Frameworks/MetalPerformanceShaders.framework/Frameworks/MPSImage.framework/Versions/A/MPSImage
0x00007fff373bf000 	/System/Library/Frameworks/MetalPerformanceShaders.framework/Frameworks/MPSNeuralNetwork.framework/Versions/A/MPSNeuralNetwork
0x00007fff3739a000 	/System/Library/Frameworks/MetalPerformanceShaders.framework/Frameworks/MPSMatrix.framework/Versions/A/MPSMatrix
0x00007fff4e28d000 	/System/Library/PrivateFrameworks/MetalTools.framework/Versions/A/MetalTools
0x00007fff3c674000 	/System/Library/Frameworks/OpenGL.framework/Versions/A/Libraries/libGLU.dylib
0x00007fff3c4b4000 	/System/Library/Frameworks/OpenGL.framework/Versions/A/Libraries/libGFXShared.dylib
0x00007fff3c4be000 	/System/Library/Frameworks/OpenGL.framework/Versions/A/Libraries/libGL.dylib
0x00007fff3c4ca000 	/System/Library/Frameworks/OpenGL.framework/Versions/A/Libraries/libGLImage.dylib
0x00007fff3c4a6000 	/System/Library/Frameworks/OpenGL.framework/Versions/A/Libraries/libCVMSPluginSupport.dylib
0x00007fff3c4af000 	/System/Library/Frameworks/OpenGL.framework/Versions/A/Libraries/libCoreVMClient.dylib
0x00007fff591e2000 	/usr/lib/libcups.2.dylib
0x00007fff36875000 	/System/Library/Frameworks/Kerberos.framework/Versions/A/Kerberos
0x00007fff3503b000 	/System/Library/Frameworks/GSS.framework/Versions/A/GSS
0x00007fff5a2e6000 	/usr/lib/libresolv.9.dylib
0x00007fff593e0000 	/usr/lib/libiconv.2.dylib
0x00007fff4c408000 	/System/Library/PrivateFrameworks/Heimdal.framework/Versions/A/Heimdal
0x00007fff593af000 	/usr/lib/libheimdal-asn1.dylib
0x00007fff3b31c000 	/System/Library/Frameworks/OpenDirectory.framework/Versions/A/OpenDirectory
0x00007fff4515c000 	/System/Library/PrivateFrameworks/CommonAuth.framework/Versions/A/CommonAuth
0x00007fff3b2ff000 	/System/Library/Frameworks/OpenDirectory.framework/Versions/A/Frameworks/CFOpenDirectory.framework/Versions/A/CFOpenDirectory
0x00007fff3ec36000 	/System/Library/Frameworks/SecurityFoundation.framework/Versions/A/SecurityFoundation
0x00007fff4200a000 	/System/Library/PrivateFrameworks/APFS.framework/Versions/A/APFS
0x00007fff5a71b000 	/usr/lib/libutil.dylib
0x00007fff42ec8000 	/System/Library/PrivateFrameworks/AppleSauce.framework/Versions/A/AppleSauce
0x00007fff4d574000 	/System/Library/PrivateFrameworks/LinguisticData.framework/Versions/A/LinguisticData
0x00007fff59762000 	/usr/lib/libmarisa.dylib
0x00007fff4d52e000 	/System/Library/PrivateFrameworks/Lexicon.framework/Versions/A/Lexicon
0x00007fff5835f000 	/usr/lib/libChineseTokenizer.dylib
0x00007fff58a24000 	/usr/lib/libcmph.dylib
0x00007fff4d438000 	/System/Library/PrivateFrameworks/LanguageModeling.framework/Versions/A/LanguageModeling
0x00007fff45c79000 	/System/Library/PrivateFrameworks/CoreEmoji.framework/Versions/A/CoreEmoji
0x00007fff3ecf4000 	/System/Library/Frameworks/ServiceManagement.framework/Versions/A/ServiceManagement
0x00007fff43713000 	/System/Library/PrivateFrameworks/BackgroundTaskManagement.framework/Versions/A/BackgroundTaskManagement
0x00007fff5a818000 	/usr/lib/libxslt.1.dylib
0x00007fff320f2000 	/System/Library/Frameworks/Carbon.framework/Versions/A/Frameworks/Ink.framework/Versions/A/Ink
0x00007fff56636000 	/System/Library/PrivateFrameworks/TextureIO.framework/Versions/A/TextureIO
0x00007fff58849000 	/usr/lib/libate.dylib
0x00007fff46d90000 	/System/Library/PrivateFrameworks/CrashReporterSupport.framework/Versions/A/CrashReporterSupport
0x00007fff53972000 	/System/Library/PrivateFrameworks/Sharing.framework/Versions/A/Sharing
0x00007fff4d179000 	/System/Library/PrivateFrameworks/IconServices.framework/Versions/A/IconServices
0x00007fff43343000 	/System/Library/PrivateFrameworks/AuthKit.framework/Versions/A/AuthKit
0x00007fff42cc8000 	/System/Library/PrivateFrameworks/Apple80211.framework/Versions/A/Apple80211
0x00007fff46ba5000 	/System/Library/PrivateFrameworks/CoreUtils.framework/Versions/A/CoreUtils
0x00007fff34738000 	/System/Library/Frameworks/CoreWLAN.framework/Versions/A/CoreWLAN
0x00007fff3517d000 	/System/Library/Frameworks/IOBluetooth.framework/Versions/A/IOBluetooth
0x00007fff51e32000 	/System/Library/PrivateFrameworks/ProtocolBuffer.framework/Versions/A/ProtocolBuffer
0x00007fff4e485000 	/System/Library/PrivateFrameworks/MobileKeyBag.framework/Versions/A/MobileKeyBag
0x00007fff4641d000 	/System/Library/PrivateFrameworks/CorePhoneNumbers.framework/Versions/A/CorePhoneNumbers
0x00007fff42e00000 	/System/Library/PrivateFrameworks/AppleIDAuthSupport.framework/Versions/A/AppleIDAuthSupport
0x00007fff4d424000 	/System/Library/PrivateFrameworks/KeychainCircle.framework/Versions/A/KeychainCircle
0x00007fff46d2b000 	/System/Library/PrivateFrameworks/CoreWiFi.framework/Versions/A/CoreWiFi
0x00007fff3263d000 	/System/Library/Frameworks/CoreBluetooth.framework/Versions/A/CoreBluetooth
0x00007fff46f7b000 	/System/Library/PrivateFrameworks/DebugSymbols.framework/Versions/A/DebugSymbols
0x00007fff4695b000 	/System/Library/PrivateFrameworks/CoreSymbolication.framework/Versions/A/CoreSymbolication
0x00007fff55e28000 	/System/Library/PrivateFrameworks/Symbolication.framework/Versions/A/Symbolication
0x00007fff42cf2000 	/System/Library/PrivateFrameworks/AppleFSCompression.framework/Versions/A/AppleFSCompression
0x00007fff55275000 	/System/Library/PrivateFrameworks/SpeechRecognitionCore.framework/Versions/A/SpeechRecognitionCore
0x000000010f200000 	/Library/Java/JavaVirtualMachines/jdk1.8.0_192.jdk/Contents/Home/jre/lib/server/libjvm.dylib
0x00007fff5a5e8000 	/usr/lib/libstdc++.6.0.9.dylib
0x000000010d908000 	/Library/Java/JavaVirtualMachines/jdk1.8.0_192.jdk/Contents/Home/jre/lib/libverify.dylib
0x000000010d916000 	/Library/Java/JavaVirtualMachines/jdk1.8.0_192.jdk/Contents/Home/jre/lib/libjava.dylib
0x000000010d996000 	/Library/Java/JavaVirtualMachines/jdk1.8.0_192.jdk/Contents/Home/jre/lib/libzip.dylib
0x00000001368aa000 	/Users/wiput/Library/Caches/JNA/temp/jna5326288077098464203.tmp
0x00007fff36870000 	/System/Library/Frameworks/JavaVM.framework/Versions/A/JavaVM
0x00007fff4d33a000 	/System/Library/PrivateFrameworks/JavaLaunching.framework/Versions/A/JavaLaunching
0x0000000110748000 	/Users/wiput/Library/Caches/JNA/temp/jna5445414614030099050.tmp
0x00000001368c0000 	/Library/Java/JavaVirtualMachines/jdk1.8.0_192.jdk/Contents/Home/jre/lib/libawt.dylib
0x0000000136969000 	/Library/Java/JavaVirtualMachines/jdk1.8.0_192.jdk/Contents/Home/jre/lib/./libmlib_image.dylib
0x00007fff3685e000 	/System/Library/Frameworks/JavaVM.framework/Versions/A/Frameworks/JavaNativeFoundation.framework/Versions/A/JavaNativeFoundation
0x00007fff36867000 	/System/Library/Frameworks/JavaVM.framework/Versions/A/Frameworks/JavaRuntimeSupport.framework/Versions/A/JavaRuntimeSupport
0x00007fff31ddd000 	/System/Library/Frameworks/Carbon.framework/Versions/A/Carbon
0x00007fff31dde000 	/System/Library/Frameworks/Carbon.framework/Versions/A/Frameworks/CommonPanels.framework/Versions/A/CommonPanels
0x00007fff320e8000 	/System/Library/Frameworks/Carbon.framework/Versions/A/Frameworks/Help.framework/Versions/A/Help
0x00007fff320ec000 	/System/Library/Frameworks/Carbon.framework/Versions/A/Frameworks/ImageCapture.framework/Versions/A/ImageCapture
0x00007fff32188000 	/System/Library/Frameworks/Carbon.framework/Versions/A/Frameworks/OpenScripting.framework/Versions/A/OpenScripting
0x00007fff321c3000 	/System/Library/Frameworks/Carbon.framework/Versions/A/Frameworks/Print.framework/Versions/A/Print
0x00007fff321c5000 	/System/Library/Frameworks/Carbon.framework/Versions/A/Frameworks/SecurityHI.framework/Versions/A/SecurityHI
0x0000000136a35000 	/Library/Java/JavaVirtualMachines/jdk1.8.0_192.jdk/Contents/Home/jre/lib/libawt_lwawt.dylib
0x0000000136aef000 	/Library/Java/JavaVirtualMachines/jdk1.8.0_192.jdk/Contents/Home/jre/lib/./libosxapp.dylib
0x00007fff34bdd000 	/System/Library/Frameworks/ExceptionHandling.framework/Versions/A/ExceptionHandling
0x00007fff465b0000 	/System/Library/PrivateFrameworks/CoreServicesInternal.framework/Versions/A/CoreServicesInternal
0x00007fff2b058000 	/System/Library/CoreServices/RawCamera.bundle/Contents/MacOS/RawCamera
0x00007fff4e2ff000 	/System/Library/PrivateFrameworks/MobileAsset.framework/Versions/A/MobileAsset
0x00007fff5572f000 	/System/Library/PrivateFrameworks/StreamingZip.framework/Versions/A/StreamingZip
0x00007fff36c04000 	/System/Library/Frameworks/MediaToolbox.framework/Versions/A/MediaToolbox
0x00007fff458aa000 	/System/Library/PrivateFrameworks/CoreAVCHD.framework/Versions/A/CoreAVCHD
0x00007fff36b4d000 	/System/Library/Frameworks/MediaAccessibility.framework/Versions/A/MediaAccessibility
0x00007fff4dd7a000 	/System/Library/PrivateFrameworks/Mangrove.framework/Versions/A/Mangrove
0x00007fff33ad5000 	/System/Library/Frameworks/CoreMedia.framework/Versions/A/CoreMedia
0x00007fff3f2c2000 	/System/Library/Frameworks/VideoToolbox.framework/Versions/A/VideoToolbox
0x00007fff454a1000 	/System/Library/PrivateFrameworks/CoreAUC.framework/Versions/A/CoreAUC
0x00007fff5a351000 	/usr/lib/libspindump.dylib
0x00007fff42fbd000 	/System/Library/PrivateFrameworks/AppleVA.framework/Versions/A/AppleVA
0x00007fff2f01b000 	/System/Library/Frameworks/Accelerate.framework/Versions/A/Frameworks/vImage.framework/Versions/A/Libraries/libCGInterfaces.dylib
0x00007fff31242000 	/System/Library/Frameworks/ApplicationServices.framework/Versions/A/Frameworks/ATS.framework/Versions/A/Resources/libTrueTypeScaler.dylib
0x000000013918a000 	/System/Library/Extensions/AMDMTLBronzeDriver.bundle/Contents/MacOS/AMDMTLBronzeDriver
0x00007fff4cd82000 	/System/Library/PrivateFrameworks/IOAccelMemoryInfo.framework/Versions/A/IOAccelMemoryInfo
0x00007fff2ca3b000 	/System/Library/Extensions/AppleIntelKBLGraphicsMTLDriver.bundle/Contents/MacOS/AppleIntelKBLGraphicsMTLDriver
0x00007fff49f8f000 	/System/Library/PrivateFrameworks/GPUCompiler.framework/Versions/3802/Libraries/libmetal_timestamp.dylib
0x00007fff4833d000 	/System/Library/PrivateFrameworks/FamilyControls.framework/Versions/A/FamilyControls
0x00007fff4514f000 	/System/Library/PrivateFrameworks/CommerceKit.framework/Versions/A/Frameworks/CommerceCore.framework/Versions/A/CommerceCore
0x00007fff56177000 	/System/Library/PrivateFrameworks/SystemAdministration.framework/Versions/A/SystemAdministration
0x00007fff42c7b000 	/System/Library/PrivateFrameworks/AppContainer.framework/Versions/A/AppContainer
0x00007fff5382a000 	/System/Library/PrivateFrameworks/SecCodeWrapper.framework/Versions/A/SecCodeWrapper
0x00007fff472c9000 	/System/Library/PrivateFrameworks/DiskManagement.framework/Versions/A/DiskManagement
0x00007fff34951000 	/System/Library/Frameworks/DirectoryService.framework/Versions/A/DirectoryService
0x00007fff471f6000 	/System/Library/PrivateFrameworks/DiskImages.framework/Versions/A/DiskImages
0x00007fff4d66b000 	/System/Library/PrivateFrameworks/LoginUIKit.framework/Versions/A/Frameworks/LoginUICore.framework/Versions/A/LoginUICore
0x00007fff5836b000 	/usr/lib/libCoreStorage.dylib
0x00007fff591d6000 	/usr/lib/libcsfde.dylib
0x00007fff5a21a000 	/usr/lib/libodfde.dylib
0x00007fff4de99000 	/System/Library/PrivateFrameworks/MediaKit.framework/Versions/A/MediaKit
0x00007fff3495d000 	/System/Library/Frameworks/DiscRecording.framework/Versions/A/DiscRecording
0x00007fff47445000 	/System/Library/PrivateFrameworks/EFILogin.framework/Versions/A/EFILogin
0x00007fff51dda000 	/System/Library/PrivateFrameworks/ProtectedCloudStorage.framework/Versions/A/ProtectedCloudStorage
0x00007fff59263000 	/usr/lib/libcurl.4.dylib
0x00007fff58eaa000 	/usr/lib/libcrypto.35.dylib
0x00007fff5a542000 	/usr/lib/libssl.35.dylib
0x00007fff3688f000 	/System/Library/Frameworks/LDAP.framework/Versions/A/LDAP
0x00007fff5679d000 	/System/Library/PrivateFrameworks/TrustEvaluationAgent.framework/Versions/A/TrustEvaluationAgent
0x00007fff5a33e000 	/usr/lib/libsasl2.2.dylib
0x00007fff45b02000 	/System/Library/PrivateFrameworks/CoreDaemon.framework/Versions/B/CoreDaemon
0x00007fff42ebf000 	/System/Library/PrivateFrameworks/AppleSRP.framework/Versions/A/AppleSRP
0x00007fff3d03a000 	/System/Library/Frameworks/OpenGL.framework/Versions/A/Resources/GLEngine.bundle/GLEngine
0x00007fff3c506000 	/System/Library/Frameworks/OpenGL.framework/Versions/A/Libraries/libGLProgrammability.dylib
0x000000013aa53000 	/System/Library/Extensions/AppleIntelKBLGraphicsGLDriver.bundle/Contents/MacOS/AppleIntelKBLGraphicsGLDriver
0x00007fff4b5ef000 	/System/Library/PrivateFrameworks/GPUSupport.framework/Versions/A/Libraries/libGPUSupportMercury.dylib
0x000000013bc0e000 	/System/Library/Extensions/AMDRadeonX4000GLDriver.bundle/Contents/MacOS/AMDRadeonX4000GLDriver
0x00007fff2b5ee000 	/System/Library/Extensions/AMDRadeonX4000GLDriver.bundle/Contents/MacOS/ATIRadeonX4000SCLib.dylib
0x00007fff3d1d2000 	/System/Library/Frameworks/OpenGL.framework/Versions/A/Resources/GLRendererFloat.bundle/GLRendererFloat
0x00007fff3b29b000 	/System/Library/Frameworks/OpenCL.framework/Versions/A/Libraries/libcldcpuengine.dylib
0x000000013c407000 	/Library/Java/JavaVirtualMachines/jdk1.8.0_192.jdk/Contents/Home/jre/lib/libfontmanager.dylib
0x00007fff57628000 	/System/Library/PrivateFrameworks/ViewBridge.framework/Versions/A/ViewBridge
0x000000013c58d000 	/Library/Java/JavaVirtualMachines/jdk1.8.0_192.jdk/Contents/Home/jre/lib/libnet.dylib
0x000000013c5a4000 	/Library/Java/JavaVirtualMachines/jdk1.8.0_192.jdk/Contents/Home/jre/lib/libnio.dylib
0x00000001a89b4000 	/Library/Java/JavaVirtualMachines/jdk1.8.0_192.jdk/Contents/Home/jre/lib/libt2k.dylib
0x00000001b0fca000 	/Library/Java/JavaVirtualMachines/jdk1.8.0_192.jdk/Contents/Home/jre/lib/libdcpr.dylib

VM Arguments:
jvm_args: -Dfile.encoding=UTF-8 
java_command: /Users/wiput/Programming/jMedicine/build/libs/jmedicine-1.0-all.jar
java_class_path (initial): /Users/wiput/Programming/jMedicine/build/libs/jmedicine-1.0-all.jar
Launcher Type: SUN_STANDARD

Environment Variables:
PATH=/usr/bin:/opt/local/bin:/opt/local/sbin:/Users/wiput/bin:/usr/local/bin:/Users/wiput/.jenv/bin:/Users/wiput/.gvm/pkgsets/go1.11.1/global/bin:/Users/wiput/.gvm/gos/go1.11.1/bin:/Users/wiput/.gvm/pkgsets/go1.11.1/global/overlay/bin:/Users/wiput/.gvm/bin:/Users/wiput/.gvm/bin:/Library/Frameworks/Python.framework/Versions/3.6/bin:/usr/local/bin:/usr/bin:/bin:/usr/sbin:/sbin:/Library/TeX/texbin:/usr/local/go/bin:/Users/wiput/.zgen/unixorn/tumult.plugin.zsh-master/bin:/Users/wiput/Go/bin:/Users/wiput/Library/Android/sdk/tools:/Users/wiput/Library/Android/sdk/platform-tools:/Users/wiput/.fastlane/bin:/Users/wiput/lib/gcloud/bin:/Users/wiput/.config/yarn/global/node_modules/.bin:/Users/wiput/.cargo/bin:/Users/wiput/.mix/:/Users/wiput/.local/bin:/Users/wiput/.local/bin/luna-studio:/usr/local/sbin:/usr/libexec:/Users/wiput/.rvm/bin:/Users/wiput/.pyenv/bin:/Users/wiput/lib/flutter/bin:/usr/local/opt/dart@2/bin
SHELL=/bin/zsh

Signal Handlers:
SIGSEGV: [libjvm.dylib+0x5b67a9], sa_mask[0]=11111111011111110111111111111111, sa_flags=SA_ONSTACK|SA_RESTART|SA_SIGINFO
SIGBUS: [libjvm.dylib+0x5b67a9], sa_mask[0]=11111111011111110111111111111111, sa_flags=SA_RESTART|SA_SIGINFO
SIGFPE: [libjvm.dylib+0x48bf5c], sa_mask[0]=11111111011111110111111111111111, sa_flags=SA_RESTART|SA_SIGINFO
SIGPIPE: [libjvm.dylib+0x48bf5c], sa_mask[0]=11111111011111110111111111111111, sa_flags=SA_RESTART|SA_SIGINFO
SIGXFSZ: [libjvm.dylib+0x48bf5c], sa_mask[0]=11111111011111110111111111111111, sa_flags=SA_RESTART|SA_SIGINFO
SIGILL: [libjvm.dylib+0x48bf5c], sa_mask[0]=11111111011111110111111111111111, sa_flags=SA_RESTART|SA_SIGINFO
SIGUSR1: SIG_DFL, sa_mask[0]=00000000000000000000000000000000, sa_flags=none
SIGUSR2: [libjvm.dylib+0x48ba7a], sa_mask[0]=00100000000000000000000000000000, sa_flags=SA_RESTART|SA_SIGINFO
SIGHUP: [libjvm.dylib+0x48a005], sa_mask[0]=11111111011111110111111111111111, sa_flags=SA_RESTART|SA_SIGINFO
SIGINT: [libjvm.dylib+0x48a005], sa_mask[0]=11111111011111110111111111111111, sa_flags=SA_RESTART|SA_SIGINFO
SIGTERM: [libjvm.dylib+0x48a005], sa_mask[0]=11111111011111110111111111111111, sa_flags=SA_RESTART|SA_SIGINFO
SIGQUIT: [libjvm.dylib+0x48a005], sa_mask[0]=11111111011111110111111111111111, sa_flags=SA_RESTART|SA_SIGINFO


---------------  S Y S T E M  ---------------

OS:Bsduname:Darwin 17.7.0 Darwin Kernel Version 17.7.0: Fri Nov  2 20:43:16 PDT 2018; root:xnu-4570.71.17~1/RELEASE_X86_64 x86_64
rlimit: STACK 8192k, CORE 0k, NPROC 2837, NOFILE 10240, AS infinity
load average:2.52 2.34 2.25

CPU:total 12 (initial active 12) (6 cores per cpu, 2 threads per core) family 6 model 158 stepping 10, cmov, cx8, fxsr, mmx, sse, sse2, sse3, ssse3, sse4.1, sse4.2, popcnt, avx, avx2, aes, clmul, erms, rtm, 3dnowpref, lzcnt, ht, tsc, tscinvbit, bmi1, bmi2, adx

Memory: 4k page, physical 33554432k(539472k free)

/proc/meminfo:


vm_info: Java HotSpot(TM) 64-Bit Server VM (25.192-b12) for bsd-amd64 JRE (1.8.0_192-b12), built on Oct  6 2018 09:36:52 by "java_re" with gcc 4.2.1 (Based on Apple Inc. build 5658) (LLVM build 2336.11.00)

time: Sat Dec  8 14:30:31 2018
timezone: +07
elapsed time: 6 seconds (0d 0h 0m 6s)

